[debug] [2018-07-24T13:04:57.388Z] ----------------------------------------------------------------------
[debug] [2018-07-24T13:04:57.394Z] Command:       /usr/bin/node /usr/bin/firebase serve --only functions,hosting
[debug] [2018-07-24T13:04:57.394Z] CLI Version:   3.19.3
[debug] [2018-07-24T13:04:57.395Z] Platform:      linux
[debug] [2018-07-24T13:04:57.395Z] Node Version:  v8.11.3
[debug] [2018-07-24T13:04:57.395Z] Time:          Tue Jul 24 2018 15:04:57 GMT+0200 (CAT)
[debug] [2018-07-24T13:04:57.395Z] ----------------------------------------------------------------------
[debug] 
[debug] [2018-07-24T13:04:57.498Z] > command requires scopes: ["email","openid","https://www.googleapis.com/auth/cloudplatformprojects.readonly","https://www.googleapis.com/auth/firebase","https://www.googleapis.com/auth/cloud-platform"]
[debug] [2018-07-24T13:04:57.498Z] > authorizing via signed-in user
[debug] [2018-07-24T13:04:57.504Z] > refreshing access token with scopes: ["email","https://www.googleapis.com/auth/cloud-platform","https://www.googleapis.com/auth/cloudplatformprojects.readonly","https://www.googleapis.com/auth/firebase","openid"]
[debug] [2018-07-24T13:04:57.505Z] >>> HTTP REQUEST POST https://www.googleapis.com/oauth2/v3/token  
 { refresh_token: '1/4Ggc4l59SngzwSLwgIP4sGX3_uypqvEcuQqnfvA2JLj4ZJT8dHUuMAALxW7-IKUA',
  client_id: '563584335869-fgrhgmd47bqnekij5i8b5pr03ho849e6.apps.googleusercontent.com',
  client_secret: 'j9iVZfS8kkCEFUPaAeJV0sAi',
  grant_type: 'refresh_token',
  scope: 'email https://www.googleapis.com/auth/cloud-platform https://www.googleapis.com/auth/cloudplatformprojects.readonly https://www.googleapis.com/auth/firebase openid' } 
 Tue Jul 24 2018 15:04:57 GMT+0200 (CAT)
[debug] [2018-07-24T13:04:58.149Z] <<< HTTP RESPONSE 200
[debug] [2018-07-24T13:04:58.225Z] >>> HTTP REQUEST GET https://admin.firebase.com/v1/projects/msolution-90e6e  
  
 Tue Jul 24 2018 15:04:58 GMT+0200 (CAT)
[debug] [2018-07-24T13:05:00.026Z] <<< HTTP RESPONSE 200
[debug] [2018-07-24T13:05:00.028Z] >>> HTTP REQUEST GET https://admin.firebase.com/v1/database/msolution-90e6e/tokens  
  
 Tue Jul 24 2018 15:05:00 GMT+0200 (CAT)
[debug] [2018-07-24T13:05:01.026Z] <<< HTTP RESPONSE 200
[debug] [2018-07-24T13:05:01.030Z] >>> HTTP REQUEST GET https://cloudresourcemanager.googleapis.com/v1/projects/msolution-90e6e  
  
 Tue Jul 24 2018 15:05:01 GMT+0200 (CAT)
[debug] [2018-07-24T13:05:03.418Z] <<< HTTP RESPONSE 200
[info] 
[info] === Serving from '/home/machiza/Documents/NodeProjects/msolution'...
[info] 
[info] i  functions: Preparing to emulate functions.
[debug] [2018-07-24T13:05:09.203Z] Fetching environment
[debug] [2018-07-24T13:05:09.220Z] >>> HTTP REQUEST GET https://mobilesdk-pa.googleapis.com/v1/projects/746401686761:getServerAppConfig  
  
 Tue Jul 24 2018 15:05:09 GMT+0200 (CAT)
[debug] [2018-07-24T13:05:09.221Z] >>> HTTP REQUEST GET https://mobilesdk-pa.googleapis.com/v1/projects/746401686761/clients/_:getWebAppConfig  
  
 Tue Jul 24 2018 15:05:09 GMT+0200 (CAT)
[debug] [2018-07-24T13:05:10.198Z] <<< HTTP RESPONSE 200
[info] i  hosting: Serving hosting files from: public
[info] ✔  hosting: Local server: http://localhost:5000

[debug] [2018-07-24T13:05:10.466Z] <<< HTTP RESPONSE 200
[debug] [2018-07-24T13:05:10.467Z] Starting @google-cloud/functions-emulator
[debug] [2018-07-24T13:05:15.133Z] Parsing function triggers
[info] ✔  functions: app: http://localhost:5001/msolution-90e6e/us-central1/app
[info] [hosting] Rewriting /cargo/F2e3AkKIdggjG9Jb7rri? to local function app
[info] [hosting] Rewriting /favicon.ico to local function app
[info] [hosting] Rewriting /cargo to local function app
[info] [hosting] Rewriting /cargo/F2e3AkKIdggjG9Jb7rri to local function app
[info] [hosting] Rewriting /cargo/adicionar/F2e3AkKIdggjG9Jb7rri to local function app
[info] [hosting] Rewriting /cargo/F2e3AkKIdggjG9Jb7rri? to local function app
[info] [hosting] Rewriting /cargo to local function app
[info] [hosting] Rewriting /cargo/F2e3AkKIdggjG9Jb7rri to local function app
[info] [hosting] Rewriting /cargo/F2e3AkKIdggjG9Jb7rri to local function app
[info] [hosting] Rewriting /cargo/F2e3AkKIdggjG9Jb7rri to local function app
[info] [hosting] Rewriting /cargo/F2e3AkKIdggjG9Jb7rri? to local function app
[info] [hosting] Rewriting /cargo/F2e3AkKIdggjG9Jb7rri to local function app
[info] [hosting] Rewriting /cargo/F2e3AkKIdggjG9Jb7rri? to local function app
[info] [hosting] Rewriting /cargo to local function app
[info] [hosting] Rewriting /cargo/F2e3AkKIdggjG9Jb7rri to local function app
[info] [hosting] Rewriting /cargo/F2e3AkKIdggjG9Jb7rri to local function app
[info] [hosting] Rewriting /cargo/F2e3AkKIdggjG9Jb7rri? to local function app
[info] [hosting] Rewriting /cargo to local function app
[info] [hosting] Rewriting /cargo/delete/F2e3AkKIdggjG9Jb7rri to local function app
[info] [hosting] Rewriting /cargo to local function app
